<?xml version="1.0" encoding="UTF-8"?>
<testsuite xmlns:xsi="http://www.w3.org/2001/XMLSchema-instance" xsi:noNamespaceSchemaLocation="https://maven.apache.org/surefire/maven-surefire-plugin/xsd/surefire-test-report.xsd" version="3.0.2" name="com.sportygroup.service.EventServiceTest" time="2.476" tests="3" errors="0" skipped="0" failures="0">
  <properties>
[...]
</properties>
  <testcase name="shouldHandlePollingFailureGracefully" classname="com.sportygroup.service.EventServiceTest" time="1.256">
    <system-out><![CDATA[2025-06-30T02:42:25.956+02:00  INFO 97425 --- [event-tracker] [           main] com.sportygroup.service.EventService     : Received event status update. Event ID: failing-event, Status: LIVE
2025-06-30T02:42:25.956+02:00  INFO 97425 --- [event-tracker] [           main] com.sportygroup.service.EventService     : Started polling task for event: failing-event
2025-06-30T02:42:25.956+02:00 ERROR 97425 --- [event-tracker] [pool-6-thread-1] com.sportygroup.service.EventService     : Polling failed for event: failing-event

java.lang.RuntimeException: API Down
	at com.sportygroup.client.ExternalApiClient.fetchScore(ExternalApiClient.java:22) ~[classes/:na]
	at com.sportygroup.service.EventService.pollAndPublish(EventService.java:64) ~[classes/:na]
	at com.sportygroup.service.EventService.lambda$updateEventStatus$0(EventService.java:44) ~[classes/:na]
	at java.base/java.util.concurrent.Executors$RunnableAdapter.call(Executors.java:572) ~[na:na]
	at java.base/java.util.concurrent.FutureTask.runAndReset(FutureTask.java:358) ~[na:na]
	at java.base/java.util.concurrent.ScheduledThreadPoolExecutor$ScheduledFutureTask.run(ScheduledThreadPoolExecutor.java:305) ~[na:na]
	at java.base/java.util.concurrent.ThreadPoolExecutor.runWorker(ThreadPoolExecutor.java:1144) ~[na:na]
	at java.base/java.util.concurrent.ThreadPoolExecutor$Worker.run(ThreadPoolExecutor.java:642) ~[na:na]
	at java.base/java.lang.Thread.run(Thread.java:1583) ~[na:na]

2025-06-30T02:42:26.084+02:00  INFO 97425 --- [event-tracker] [cker-producer-1] org.apache.kafka.clients.Metadata        : [Producer clientId=event-tracker-producer-1] Cluster ID: U39LQEL4Rca9rNELlWr1HQ
2025-06-30T02:42:26.084+02:00  INFO 97425 --- [event-tracker] [cker-producer-1] o.a.k.c.p.internals.TransactionManager   : [Producer clientId=event-tracker-producer-1] ProducerId set to 1005 with epoch 0
2025-06-30T02:42:26.090+02:00  INFO 97425 --- [event-tracker] [pool-4-thread-1] com.sportygroup.kafka.MessagePublisher   : Published to Kafka: {"eventId":"1234","currentScore":"0:2"}
2025-06-30T02:42:26.124+02:00  WARN 97425 --- [event-tracker] [cker-producer-1] org.apache.kafka.clients.NetworkClient   : [Producer clientId=event-tracker-producer-1] Error connecting to node kafka:9092 (id: 1 rack: null isFenced: false)

java.net.UnknownHostException: kafka: nodename nor servname provided, or not known
	at java.base/java.net.Inet6AddressImpl.lookupAllHostAddr(Native Method) ~[na:na]
	at java.base/java.net.Inet6AddressImpl.lookupAllHostAddr(Inet6AddressImpl.java:52) ~[na:na]
	at java.base/java.net.InetAddress$PlatformResolver.lookupByName(InetAddress.java:1211) ~[na:na]
	at java.base/java.net.InetAddress.getAddressesFromNameService(InetAddress.java:1828) ~[na:na]
	at java.base/java.net.InetAddress$NameServiceAddresses.get(InetAddress.java:1139) ~[na:na]
	at java.base/java.net.InetAddress.getAllByName0(InetAddress.java:1818) ~[na:na]
	at java.base/java.net.InetAddress.getAllByName(InetAddress.java:1688) ~[na:na]
	at org.apache.kafka.clients.DefaultHostResolver.resolve(DefaultHostResolver.java:27) ~[kafka-clients-4.0.0.jar:na]
	at org.apache.kafka.clients.ClientUtils.resolve(ClientUtils.java:125) ~[kafka-clients-4.0.0.jar:na]
	at org.apache.kafka.clients.ClusterConnectionStates$NodeConnectionState.resolveAddresses(ClusterConnectionStates.java:536) ~[kafka-clients-4.0.0.jar:na]
	at org.apache.kafka.clients.ClusterConnectionStates$NodeConnectionState.currentAddress(ClusterConnectionStates.java:511) ~[kafka-clients-4.0.0.jar:na]
	at org.apache.kafka.clients.ClusterConnectionStates.currentAddress(ClusterConnectionStates.java:173) ~[kafka-clients-4.0.0.jar:na]
	at org.apache.kafka.clients.NetworkClient.initiateConnect(NetworkClient.java:1140) ~[kafka-clients-4.0.0.jar:na]
	at org.apache.kafka.clients.NetworkClient.ready(NetworkClient.java:368) ~[kafka-clients-4.0.0.jar:na]
	at org.apache.kafka.clients.producer.internals.Sender.sendProducerData(Sender.java:389) ~[kafka-clients-4.0.0.jar:na]
	at org.apache.kafka.clients.producer.internals.Sender.runOnce(Sender.java:348) ~[kafka-clients-4.0.0.jar:na]
	at org.apache.kafka.clients.producer.internals.Sender.run(Sender.java:251) ~[kafka-clients-4.0.0.jar:na]
	at java.base/java.lang.Thread.run(Thread.java:1583) ~[na:na]

2025-06-30T02:42:26.170+02:00  WARN 97425 --- [event-tracker] [cker-producer-1] org.apache.kafka.clients.NetworkClient   : [Producer clientId=event-tracker-producer-1] Error connecting to node kafka:9092 (id: 1 rack: null isFenced: false)

java.net.UnknownHostException: kafka
	at java.base/java.net.InetAddress$CachedLookup.get(InetAddress.java:988) ~[na:na]
	at java.base/java.net.InetAddress.getAllByName0(InetAddress.java:1818) ~[na:na]
	at java.base/java.net.InetAddress.getAllByName(InetAddress.java:1688) ~[na:na]
	at org.apache.kafka.clients.DefaultHostResolver.resolve(DefaultHostResolver.java:27) ~[kafka-clients-4.0.0.jar:na]
	at org.apache.kafka.clients.ClientUtils.resolve(ClientUtils.java:125) ~[kafka-clients-4.0.0.jar:na]
	at org.apache.kafka.clients.ClusterConnectionStates$NodeConnectionState.resolveAddresses(ClusterConnectionStates.java:536) ~[kafka-clients-4.0.0.jar:na]
	at org.apache.kafka.clients.ClusterConnectionStates$NodeConnectionState.currentAddress(ClusterConnectionStates.java:511) ~[kafka-clients-4.0.0.jar:na]
	at org.apache.kafka.clients.ClusterConnectionStates.currentAddress(ClusterConnectionStates.java:173) ~[kafka-clients-4.0.0.jar:na]
	at org.apache.kafka.clients.NetworkClient.initiateConnect(NetworkClient.java:1140) ~[kafka-clients-4.0.0.jar:na]
	at org.apache.kafka.clients.NetworkClient.ready(NetworkClient.java:368) ~[kafka-clients-4.0.0.jar:na]
	at org.apache.kafka.clients.producer.internals.Sender.sendProducerData(Sender.java:389) ~[kafka-clients-4.0.0.jar:na]
	at org.apache.kafka.clients.producer.internals.Sender.runOnce(Sender.java:348) ~[kafka-clients-4.0.0.jar:na]
	at org.apache.kafka.clients.producer.internals.Sender.run(Sender.java:251) ~[kafka-clients-4.0.0.jar:na]
	at java.base/java.lang.Thread.run(Thread.java:1583) ~[na:na]

2025-06-30T02:42:26.276+02:00  WARN 97425 --- [event-tracker] [cker-producer-1] org.apache.kafka.clients.NetworkClient   : [Producer clientId=event-tracker-producer-1] Error connecting to node kafka:9092 (id: 1 rack: null isFenced: false)

java.net.UnknownHostException: kafka
	at java.base/java.net.InetAddress$CachedLookup.get(InetAddress.java:988) ~[na:na]
	at java.base/java.net.InetAddress.getAllByName0(InetAddress.java:1818) ~[na:na]
	at java.base/java.net.InetAddress.getAllByName(InetAddress.java:1688) ~[na:na]
	at org.apache.kafka.clients.DefaultHostResolver.resolve(DefaultHostResolver.java:27) ~[kafka-clients-4.0.0.jar:na]
	at org.apache.kafka.clients.ClientUtils.resolve(ClientUtils.java:125) ~[kafka-clients-4.0.0.jar:na]
	at org.apache.kafka.clients.ClusterConnectionStates$NodeConnectionState.resolveAddresses(ClusterConnectionStates.java:536) ~[kafka-clients-4.0.0.jar:na]
	at org.apache.kafka.clients.ClusterConnectionStates$NodeConnectionState.currentAddress(ClusterConnectionStates.java:511) ~[kafka-clients-4.0.0.jar:na]
	at org.apache.kafka.clients.ClusterConnectionStates.currentAddress(ClusterConnectionStates.java:173) ~[kafka-clients-4.0.0.jar:na]
	at org.apache.kafka.clients.NetworkClient.initiateConnect(NetworkClient.java:1140) ~[kafka-clients-4.0.0.jar:na]
	at org.apache.kafka.clients.NetworkClient.ready(NetworkClient.java:368) ~[kafka-clients-4.0.0.jar:na]
	at org.apache.kafka.clients.producer.internals.Sender.sendProducerData(Sender.java:389) ~[kafka-clients-4.0.0.jar:na]
	at org.apache.kafka.clients.producer.internals.Sender.runOnce(Sender.java:348) ~[kafka-clients-4.0.0.jar:na]
	at org.apache.kafka.clients.producer.internals.Sender.run(Sender.java:251) ~[kafka-clients-4.0.0.jar:na]
	at java.base/java.lang.Thread.run(Thread.java:1583) ~[na:na]

2025-06-30T02:42:26.276+02:00  INFO 97425 --- [event-tracker] [cker-producer-1] org.apache.kafka.clients.Metadata        : [Producer clientId=event-tracker-producer-1] Rebootstrapping with [localhost/127.0.0.1:9092]
2025-06-30T02:42:26.281+02:00  INFO 97425 --- [event-tracker] [cker-producer-1] org.apache.kafka.clients.Metadata        : [Producer clientId=event-tracker-producer-1] Resetting the last seen epoch of partition event-tracker-topic-0 to 0 since the associated topicId changed from null to XEhOb6BVRZ-ka99F2dzH0g
2025-06-30T02:42:26.282+02:00  INFO 97425 --- [event-tracker] [cker-producer-1] org.apache.kafka.clients.Metadata        : [Producer clientId=event-tracker-producer-1] Cluster ID: U39LQEL4Rca9rNELlWr1HQ
2025-06-30T02:42:26.500+02:00  WARN 97425 --- [event-tracker] [cker-producer-1] org.apache.kafka.clients.NetworkClient   : [Producer clientId=event-tracker-producer-1] Error connecting to node kafka:9092 (id: 1 rack: null isFenced: false)

java.net.UnknownHostException: kafka
	at java.base/java.net.InetAddress$CachedLookup.get(InetAddress.java:988) ~[na:na]
	at java.base/java.net.InetAddress.getAllByName0(InetAddress.java:1818) ~[na:na]
	at java.base/java.net.InetAddress.getAllByName(InetAddress.java:1688) ~[na:na]
	at org.apache.kafka.clients.DefaultHostResolver.resolve(DefaultHostResolver.java:27) ~[kafka-clients-4.0.0.jar:na]
	at org.apache.kafka.clients.ClientUtils.resolve(ClientUtils.java:125) ~[kafka-clients-4.0.0.jar:na]
	at org.apache.kafka.clients.ClusterConnectionStates$NodeConnectionState.resolveAddresses(ClusterConnectionStates.java:536) ~[kafka-clients-4.0.0.jar:na]
	at org.apache.kafka.clients.ClusterConnectionStates$NodeConnectionState.currentAddress(ClusterConnectionStates.java:511) ~[kafka-clients-4.0.0.jar:na]
	at org.apache.kafka.clients.ClusterConnectionStates.currentAddress(ClusterConnectionStates.java:173) ~[kafka-clients-4.0.0.jar:na]
	at org.apache.kafka.clients.NetworkClient.initiateConnect(NetworkClient.java:1140) ~[kafka-clients-4.0.0.jar:na]
	at org.apache.kafka.clients.NetworkClient.ready(NetworkClient.java:368) ~[kafka-clients-4.0.0.jar:na]
	at org.apache.kafka.clients.producer.internals.Sender.sendProducerData(Sender.java:389) ~[kafka-clients-4.0.0.jar:na]
	at org.apache.kafka.clients.producer.internals.Sender.runOnce(Sender.java:348) ~[kafka-clients-4.0.0.jar:na]
	at org.apache.kafka.clients.producer.internals.Sender.run(Sender.java:251) ~[kafka-clients-4.0.0.jar:na]
	at java.base/java.lang.Thread.run(Thread.java:1583) ~[na:na]

2025-06-30T02:42:26.500+02:00  INFO 97425 --- [event-tracker] [cker-producer-1] org.apache.kafka.clients.Metadata        : [Producer clientId=event-tracker-producer-1] Rebootstrapping with [localhost/127.0.0.1:9092]
2025-06-30T02:42:26.505+02:00  INFO 97425 --- [event-tracker] [cker-producer-1] org.apache.kafka.clients.Metadata        : [Producer clientId=event-tracker-producer-1] Resetting the last seen epoch of partition event-tracker-topic-0 to 0 since the associated topicId changed from null to XEhOb6BVRZ-ka99F2dzH0g
2025-06-30T02:42:26.505+02:00  INFO 97425 --- [event-tracker] [cker-producer-1] org.apache.kafka.clients.Metadata        : [Producer clientId=event-tracker-producer-1] Cluster ID: U39LQEL4Rca9rNELlWr1HQ
2025-06-30T02:42:26.872+02:00  WARN 97425 --- [event-tracker] [cker-producer-1] org.apache.kafka.clients.NetworkClient   : [Producer clientId=event-tracker-producer-1] Error connecting to node kafka:9092 (id: 1 rack: null isFenced: false)

java.net.UnknownHostException: kafka
	at java.base/java.net.InetAddress$CachedLookup.get(InetAddress.java:988) ~[na:na]
	at java.base/java.net.InetAddress.getAllByName0(InetAddress.java:1818) ~[na:na]
	at java.base/java.net.InetAddress.getAllByName(InetAddress.java:1688) ~[na:na]
	at org.apache.kafka.clients.DefaultHostResolver.resolve(DefaultHostResolver.java:27) ~[kafka-clients-4.0.0.jar:na]
	at org.apache.kafka.clients.ClientUtils.resolve(ClientUtils.java:125) ~[kafka-clients-4.0.0.jar:na]
	at org.apache.kafka.clients.ClusterConnectionStates$NodeConnectionState.resolveAddresses(ClusterConnectionStates.java:536) ~[kafka-clients-4.0.0.jar:na]
	at org.apache.kafka.clients.ClusterConnectionStates$NodeConnectionState.currentAddress(ClusterConnectionStates.java:511) ~[kafka-clients-4.0.0.jar:na]
	at org.apache.kafka.clients.ClusterConnectionStates.currentAddress(ClusterConnectionStates.java:173) ~[kafka-clients-4.0.0.jar:na]
	at org.apache.kafka.clients.NetworkClient.initiateConnect(NetworkClient.java:1140) ~[kafka-clients-4.0.0.jar:na]
	at org.apache.kafka.clients.NetworkClient.ready(NetworkClient.java:368) ~[kafka-clients-4.0.0.jar:na]
	at org.apache.kafka.clients.producer.internals.Sender.sendProducerData(Sender.java:389) ~[kafka-clients-4.0.0.jar:na]
	at org.apache.kafka.clients.producer.internals.Sender.runOnce(Sender.java:348) ~[kafka-clients-4.0.0.jar:na]
	at org.apache.kafka.clients.producer.internals.Sender.run(Sender.java:251) ~[kafka-clients-4.0.0.jar:na]
	at java.base/java.lang.Thread.run(Thread.java:1583) ~[na:na]

2025-06-30T02:42:26.872+02:00  INFO 97425 --- [event-tracker] [cker-producer-1] org.apache.kafka.clients.Metadata        : [Producer clientId=event-tracker-producer-1] Rebootstrapping with [localhost/127.0.0.1:9092]
2025-06-30T02:42:26.880+02:00  INFO 97425 --- [event-tracker] [cker-producer-1] org.apache.kafka.clients.Metadata        : [Producer clientId=event-tracker-producer-1] Resetting the last seen epoch of partition event-tracker-topic-0 to 0 since the associated topicId changed from null to XEhOb6BVRZ-ka99F2dzH0g
2025-06-30T02:42:26.880+02:00  INFO 97425 --- [event-tracker] [cker-producer-1] org.apache.kafka.clients.Metadata        : [Producer clientId=event-tracker-producer-1] Cluster ID: U39LQEL4Rca9rNELlWr1HQ
2025-06-30T02:42:27.157+02:00  INFO 97425 --- [event-tracker] [           main] com.sportygroup.service.EventService     : Received event status update. Event ID: failing-event, Status: NOT LIVE
2025-06-30T02:42:27.157+02:00  INFO 97425 --- [event-tracker] [           main] com.sportygroup.service.EventService     : Stopped polling task for event: failing-event
]]></system-out>
  </testcase>
  <testcase name="shouldNotScheduleTwice" classname="com.sportygroup.service.EventServiceTest" time="0.003">
    <system-out><![CDATA[2025-06-30T02:42:27.169+02:00  INFO 97425 --- [event-tracker] [           main] com.sportygroup.service.EventService     : Received event status update. Event ID: event-once, Status: LIVE
2025-06-30T02:42:27.169+02:00  INFO 97425 --- [event-tracker] [           main] com.sportygroup.service.EventService     : Started polling task for event: event-once
2025-06-30T02:42:27.169+02:00  INFO 97425 --- [event-tracker] [           main] com.sportygroup.service.EventService     : Received event status update. Event ID: event-once, Status: LIVE
2025-06-30T02:42:27.169+02:00  INFO 97425 --- [event-tracker] [           main] com.sportygroup.service.EventService     : Received event status update. Event ID: event-once, Status: NOT LIVE
2025-06-30T02:42:27.169+02:00  INFO 97425 --- [event-tracker] [           main] com.sportygroup.service.EventService     : Stopped polling task for event: event-once
]]></system-out>
  </testcase>
  <testcase name="shouldSchedulePollingForLiveEvent" classname="com.sportygroup.service.EventServiceTest" time="1.214">
    <system-out><![CDATA[2025-06-30T02:42:27.174+02:00  INFO 97425 --- [event-tracker] [           main] com.sportygroup.service.EventService     : Received event status update. Event ID: live-event, Status: LIVE
2025-06-30T02:42:27.174+02:00  INFO 97425 --- [event-tracker] [           main] com.sportygroup.service.EventService     : Started polling task for event: live-event
2025-06-30T02:42:27.735+02:00  WARN 97425 --- [event-tracker] [cker-producer-1] org.apache.kafka.clients.NetworkClient   : [Producer clientId=event-tracker-producer-1] Error connecting to node kafka:9092 (id: 1 rack: null isFenced: false)

java.net.UnknownHostException: kafka
	at java.base/java.net.InetAddress$CachedLookup.get(InetAddress.java:988) ~[na:na]
	at java.base/java.net.InetAddress.getAllByName0(InetAddress.java:1818) ~[na:na]
	at java.base/java.net.InetAddress.getAllByName(InetAddress.java:1688) ~[na:na]
	at org.apache.kafka.clients.DefaultHostResolver.resolve(DefaultHostResolver.java:27) ~[kafka-clients-4.0.0.jar:na]
	at org.apache.kafka.clients.ClientUtils.resolve(ClientUtils.java:125) ~[kafka-clients-4.0.0.jar:na]
	at org.apache.kafka.clients.ClusterConnectionStates$NodeConnectionState.resolveAddresses(ClusterConnectionStates.java:536) ~[kafka-clients-4.0.0.jar:na]
	at org.apache.kafka.clients.ClusterConnectionStates$NodeConnectionState.currentAddress(ClusterConnectionStates.java:511) ~[kafka-clients-4.0.0.jar:na]
	at org.apache.kafka.clients.ClusterConnectionStates.currentAddress(ClusterConnectionStates.java:173) ~[kafka-clients-4.0.0.jar:na]
	at org.apache.kafka.clients.NetworkClient.initiateConnect(NetworkClient.java:1140) ~[kafka-clients-4.0.0.jar:na]
	at org.apache.kafka.clients.NetworkClient.ready(NetworkClient.java:368) ~[kafka-clients-4.0.0.jar:na]
	at org.apache.kafka.clients.producer.internals.Sender.sendProducerData(Sender.java:389) ~[kafka-clients-4.0.0.jar:na]
	at org.apache.kafka.clients.producer.internals.Sender.runOnce(Sender.java:348) ~[kafka-clients-4.0.0.jar:na]
	at org.apache.kafka.clients.producer.internals.Sender.run(Sender.java:251) ~[kafka-clients-4.0.0.jar:na]
	at java.base/java.lang.Thread.run(Thread.java:1583) ~[na:na]

2025-06-30T02:42:27.736+02:00  INFO 97425 --- [event-tracker] [cker-producer-1] org.apache.kafka.clients.Metadata        : [Producer clientId=event-tracker-producer-1] Rebootstrapping with [localhost/127.0.0.1:9092]
2025-06-30T02:42:27.740+02:00  INFO 97425 --- [event-tracker] [cker-producer-1] org.apache.kafka.clients.Metadata        : [Producer clientId=event-tracker-producer-1] Resetting the last seen epoch of partition event-tracker-topic-0 to 0 since the associated topicId changed from null to XEhOb6BVRZ-ka99F2dzH0g
2025-06-30T02:42:27.740+02:00  INFO 97425 --- [event-tracker] [cker-producer-1] org.apache.kafka.clients.Metadata        : [Producer clientId=event-tracker-producer-1] Cluster ID: U39LQEL4Rca9rNELlWr1HQ
2025-06-30T02:42:28.379+02:00  INFO 97425 --- [event-tracker] [           main] com.sportygroup.service.EventService     : Received event status update. Event ID: live-event, Status: NOT LIVE
2025-06-30T02:42:28.381+02:00  INFO 97425 --- [event-tracker] [           main] com.sportygroup.service.EventService     : Stopped polling task for event: live-event
]]></system-out>
  </testcase>
</testsuite>