<?xml version="1.0" encoding="UTF-8"?>
<testsuite xmlns:xsi="http://www.w3.org/2001/XMLSchema-instance" xsi:noNamespaceSchemaLocation="https://maven.apache.org/surefire/maven-surefire-plugin/xsd/surefire-test-report.xsd" version="3.0.2" name="com.sportygroup.EventTrackerApplicationTests" time="0.155" tests="1" errors="0" skipped="0" failures="0">
  <properties>
[...]
</properties>
  <testcase name="contextLoads" classname="com.sportygroup.EventTrackerApplicationTests" time="0.003">
    <system-out><![CDATA[2025-06-30T02:42:25.752+02:00  INFO 97425 --- [event-tracker] [           main] t.c.s.AnnotationConfigContextLoaderUtils : Could not detect default configuration classes for test class [com.sportygroup.EventTrackerApplicationTests]: EventTrackerApplicationTests does not declare any static, non-private, non-final, nested classes annotated with @Configuration.
2025-06-30T02:42:25.755+02:00  INFO 97425 --- [event-tracker] [           main] .b.t.c.SpringBootTestContextBootstrapper : Found @SpringBootConfiguration com.sportygroup.EventTrackerApplication for test class com.sportygroup.EventTrackerApplicationTests

  .   ____          _            __ _ _
 /\\ / ___'_ __ _ _(_)_ __  __ _ \ \ \ \
( ( )\___ | '_ | '_| | '_ \/ _` | \ \ \ \
 \\/  ___)| |_)| | | | | || (_| |  ) ) ) )
  '  |____| .__|_| |_|_| |_\__, | / / / /
 =========|_|==============|___/=/_/_/_/

 :: Spring Boot ::       (v4.0.0-SNAPSHOT)

2025-06-30T02:42:25.766+02:00  INFO 97425 --- [event-tracker] [           main] c.s.EventTrackerApplicationTests         : Starting EventTrackerApplicationTests using Java 21.0.5 with PID 97425 (started by akshay.saroj in /Users/akshay.saroj/Downloads/event-tracker)
2025-06-30T02:42:25.766+02:00  INFO 97425 --- [event-tracker] [           main] c.s.EventTrackerApplicationTests         : No active profile set, falling back to 1 default profile: "default"
2025-06-30T02:42:25.777+02:00  INFO 97425 --- [event-tracker] [pool-4-thread-1] o.a.kafka.common.config.AbstractConfig   : ProducerConfig values: 
	acks = -1
	batch.size = 16384
	bootstrap.servers = [localhost:9092]
	buffer.memory = 33554432
	client.dns.lookup = use_all_dns_ips
	client.id = event-tracker-producer-1
	compression.gzip.level = -1
	compression.lz4.level = 9
	compression.type = none
	compression.zstd.level = 3
	connections.max.idle.ms = 540000
	delivery.timeout.ms = 120000
	enable.idempotence = true
	enable.metrics.push = true
	interceptor.classes = []
	key.serializer = class org.apache.kafka.common.serialization.StringSerializer
	linger.ms = 5
	max.block.ms = 60000
	max.in.flight.requests.per.connection = 5
	max.request.size = 1048576
	metadata.max.age.ms = 300000
	metadata.max.idle.ms = 300000
	metadata.recovery.rebootstrap.trigger.ms = 300000
	metadata.recovery.strategy = rebootstrap
	metric.reporters = [org.apache.kafka.common.metrics.JmxReporter]
	metrics.num.samples = 2
	metrics.recording.level = INFO
	metrics.sample.window.ms = 30000
	partitioner.adaptive.partitioning.enable = true
	partitioner.availability.timeout.ms = 0
	partitioner.class = null
	partitioner.ignore.keys = false
	receive.buffer.bytes = 32768
	reconnect.backoff.max.ms = 1000
	reconnect.backoff.ms = 50
	request.timeout.ms = 30000
	retries = 2147483647
	retry.backoff.max.ms = 1000
	retry.backoff.ms = 100
	sasl.client.callback.handler.class = null
	sasl.jaas.config = null
	sasl.kerberos.kinit.cmd = /usr/bin/kinit
	sasl.kerberos.min.time.before.relogin = 60000
	sasl.kerberos.service.name = null
	sasl.kerberos.ticket.renew.jitter = 0.05
	sasl.kerberos.ticket.renew.window.factor = 0.8
	sasl.login.callback.handler.class = null
	sasl.login.class = null
	sasl.login.connect.timeout.ms = null
	sasl.login.read.timeout.ms = null
	sasl.login.refresh.buffer.seconds = 300
	sasl.login.refresh.min.period.seconds = 60
	sasl.login.refresh.window.factor = 0.8
	sasl.login.refresh.window.jitter = 0.05
	sasl.login.retry.backoff.max.ms = 10000
	sasl.login.retry.backoff.ms = 100
	sasl.mechanism = GSSAPI
	sasl.oauthbearer.clock.skew.seconds = 30
	sasl.oauthbearer.expected.audience = null
	sasl.oauthbearer.expected.issuer = null
	sasl.oauthbearer.header.urlencode = false
	sasl.oauthbearer.jwks.endpoint.refresh.ms = 3600000
	sasl.oauthbearer.jwks.endpoint.retry.backoff.max.ms = 10000
	sasl.oauthbearer.jwks.endpoint.retry.backoff.ms = 100
	sasl.oauthbearer.jwks.endpoint.url = null
	sasl.oauthbearer.scope.claim.name = scope
	sasl.oauthbearer.sub.claim.name = sub
	sasl.oauthbearer.token.endpoint.url = null
	security.protocol = PLAINTEXT
	security.providers = null
	send.buffer.bytes = 131072
	socket.connection.setup.timeout.max.ms = 30000
	socket.connection.setup.timeout.ms = 10000
	ssl.cipher.suites = null
	ssl.enabled.protocols = [TLSv1.2, TLSv1.3]
	ssl.endpoint.identification.algorithm = https
	ssl.engine.factory.class = null
	ssl.key.password = null
	ssl.keymanager.algorithm = SunX509
	ssl.keystore.certificate.chain = null
	ssl.keystore.key = null
	ssl.keystore.location = null
	ssl.keystore.password = null
	ssl.keystore.type = JKS
	ssl.protocol = TLSv1.3
	ssl.provider = null
	ssl.secure.random.implementation = null
	ssl.trustmanager.algorithm = PKIX
	ssl.truststore.certificates = null
	ssl.truststore.location = null
	ssl.truststore.password = null
	ssl.truststore.type = JKS
	transaction.timeout.ms = 60000
	transactional.id = null
	value.serializer = class org.apache.kafka.common.serialization.StringSerializer

2025-06-30T02:42:25.796+02:00  INFO 97425 --- [event-tracker] [pool-4-thread-1] o.a.k.c.t.i.KafkaMetricsCollector        : initializing Kafka metrics collector
2025-06-30T02:42:25.848+02:00  INFO 97425 --- [event-tracker] [pool-4-thread-1] o.a.k.clients.producer.KafkaProducer     : [Producer clientId=event-tracker-producer-1] Instantiated an idempotent producer.
2025-06-30T02:42:25.872+02:00  INFO 97425 --- [event-tracker] [pool-4-thread-1] o.a.kafka.common.utils.AppInfoParser     : Kafka version: 4.0.0
2025-06-30T02:42:25.872+02:00  INFO 97425 --- [event-tracker] [pool-4-thread-1] o.a.kafka.common.utils.AppInfoParser     : Kafka commitId: 985bc99521dd22bb
2025-06-30T02:42:25.872+02:00  INFO 97425 --- [event-tracker] [pool-4-thread-1] o.a.kafka.common.utils.AppInfoParser     : Kafka startTimeMs: 1751244145871
2025-06-30T02:42:25.902+02:00  INFO 97425 --- [event-tracker] [           main] c.s.EventTrackerApplicationTests         : Started EventTrackerApplicationTests in 0.145 seconds (process running for 8.446)
]]></system-out>
  </testcase>
</testsuite>